[2022-07-09 18:03:03,033] {taskinstance.py:1159} INFO - Dependencies all met for <TaskInstance: example_bash_operator.runme_2 scheduled__2022-07-08T00:00:00+00:00 [queued]>
[2022-07-09 18:03:03,549] {taskinstance.py:1159} INFO - Dependencies all met for <TaskInstance: example_bash_operator.runme_2 scheduled__2022-07-08T00:00:00+00:00 [queued]>
[2022-07-09 18:03:03,772] {taskinstance.py:1356} INFO - 
--------------------------------------------------------------------------------
[2022-07-09 18:03:03,774] {taskinstance.py:1357} INFO - Starting attempt 1 of 1
[2022-07-09 18:03:03,774] {taskinstance.py:1358} INFO - 
--------------------------------------------------------------------------------
[2022-07-09 18:03:03,797] {taskinstance.py:1377} INFO - Executing <Task(BashOperator): runme_2> on 2022-07-08 00:00:00+00:00
[2022-07-09 18:03:10,739] {standard_task_runner.py:52} INFO - Started process 376 to run task
[2022-07-09 18:03:10,748] {standard_task_runner.py:79} INFO - Running: ['***', 'tasks', 'run', 'example_bash_operator', 'runme_2', 'scheduled__2022-07-08T00:00:00+00:00', '--job-id', '7', '--raw', '--subdir', '/home/***/.local/lib/python3.7/site-packages/***/example_dags/example_bash_operator.py', '--cfg-path', '/tmp/tmpoq49jtki', '--error-file', '/tmp/tmp5o22jdml']
[2022-07-09 18:03:11,285] {standard_task_runner.py:80} INFO - Job 7: Subtask runme_2
[2022-07-09 18:03:11,399] {task_command.py:369} INFO - Running <TaskInstance: example_bash_operator.runme_2 scheduled__2022-07-08T00:00:00+00:00 [running]> on host 84fc0d3f9985
[2022-07-09 18:03:28,322] {taskinstance.py:1571} INFO - Exporting the following env vars:
AIRFLOW_CTX_DAG_OWNER=***
AIRFLOW_CTX_DAG_ID=example_bash_operator
AIRFLOW_CTX_TASK_ID=runme_2
AIRFLOW_CTX_EXECUTION_DATE=2022-07-08T00:00:00+00:00
AIRFLOW_CTX_TRY_NUMBER=1
AIRFLOW_CTX_DAG_RUN_ID=scheduled__2022-07-08T00:00:00+00:00
[2022-07-09 18:03:28,350] {subprocess.py:62} INFO - Tmp dir root location: 
 /tmp
[2022-07-09 18:03:28,352] {subprocess.py:74} INFO - Running command: ['bash', '-c', 'echo "example_bash_operator__runme_2__20220708" && sleep 1']
[2022-07-09 18:03:28,414] {subprocess.py:85} INFO - Output:
[2022-07-09 18:03:28,417] {subprocess.py:92} INFO - example_bash_operator__runme_2__20220708
[2022-07-09 18:03:29,440] {subprocess.py:96} INFO - Command exited with return code 0
[2022-07-09 18:03:29,489] {taskinstance.py:1400} INFO - Marking task as SUCCESS. dag_id=example_bash_operator, task_id=runme_2, execution_date=20220708T000000, start_date=20220709T180303, end_date=20220709T180329
[2022-07-09 18:03:29,546] {local_task_job.py:156} INFO - Task exited with return code 0
[2022-07-09 18:03:29,585] {local_task_job.py:273} INFO - 1 downstream tasks scheduled from follow-on schedule check
