[2022-07-09 18:03:02,449] {taskinstance.py:1159} INFO - Dependencies all met for <TaskInstance: example_bash_operator.runme_1 scheduled__2022-07-08T00:00:00+00:00 [queued]>
[2022-07-09 18:03:02,758] {taskinstance.py:1159} INFO - Dependencies all met for <TaskInstance: example_bash_operator.runme_1 scheduled__2022-07-08T00:00:00+00:00 [queued]>
[2022-07-09 18:03:02,759] {taskinstance.py:1356} INFO - 
--------------------------------------------------------------------------------
[2022-07-09 18:03:02,759] {taskinstance.py:1357} INFO - Starting attempt 1 of 1
[2022-07-09 18:03:02,760] {taskinstance.py:1358} INFO - 
--------------------------------------------------------------------------------
[2022-07-09 18:03:02,790] {taskinstance.py:1377} INFO - Executing <Task(BashOperator): runme_1> on 2022-07-08 00:00:00+00:00
[2022-07-09 18:03:02,798] {standard_task_runner.py:52} INFO - Started process 372 to run task
[2022-07-09 18:03:02,803] {standard_task_runner.py:79} INFO - Running: ['***', 'tasks', 'run', 'example_bash_operator', 'runme_1', 'scheduled__2022-07-08T00:00:00+00:00', '--job-id', '5', '--raw', '--subdir', '/home/***/.local/lib/python3.7/site-packages/***/example_dags/example_bash_operator.py', '--cfg-path', '/tmp/tmplh_wuxg1', '--error-file', '/tmp/tmppihdh_l6']
[2022-07-09 18:03:02,804] {standard_task_runner.py:80} INFO - Job 5: Subtask runme_1
[2022-07-09 18:03:02,911] {task_command.py:369} INFO - Running <TaskInstance: example_bash_operator.runme_1 scheduled__2022-07-08T00:00:00+00:00 [running]> on host 84fc0d3f9985
[2022-07-09 18:03:03,031] {taskinstance.py:1571} INFO - Exporting the following env vars:
AIRFLOW_CTX_DAG_OWNER=***
AIRFLOW_CTX_DAG_ID=example_bash_operator
AIRFLOW_CTX_TASK_ID=runme_1
AIRFLOW_CTX_EXECUTION_DATE=2022-07-08T00:00:00+00:00
AIRFLOW_CTX_TRY_NUMBER=1
AIRFLOW_CTX_DAG_RUN_ID=scheduled__2022-07-08T00:00:00+00:00
[2022-07-09 18:03:03,035] {subprocess.py:62} INFO - Tmp dir root location: 
 /tmp
[2022-07-09 18:03:03,037] {subprocess.py:74} INFO - Running command: ['bash', '-c', 'echo "example_bash_operator__runme_1__20220708" && sleep 1']
[2022-07-09 18:03:04,901] {subprocess.py:85} INFO - Output:
[2022-07-09 18:03:04,903] {subprocess.py:92} INFO - example_bash_operator__runme_1__20220708
[2022-07-09 18:03:10,749] {subprocess.py:96} INFO - Command exited with return code 0
[2022-07-09 18:03:11,381] {taskinstance.py:1400} INFO - Marking task as SUCCESS. dag_id=example_bash_operator, task_id=runme_1, execution_date=20220708T000000, start_date=20220709T180302, end_date=20220709T180311
[2022-07-09 18:03:27,562] {local_task_job.py:221} WARNING - State of this instance has been externally set to success. Terminating instance.
